#
# A fatal error has been detected by the Java Runtime Environment:
#
#  EXCEPTION_ACCESS_VIOLATION (0xc0000005) at pc=0x000000007600248a, pid=5456, tid=7736
#
# JRE version: Java(TM) SE Runtime Environment (7.0_79-b15) (build 1.7.0_79-b15)
# Java VM: Java HotSpot(TM) 64-Bit Server VM (24.79-b02 mixed mode windows-amd64 compressed oops)
# Problematic frame:
# V  [jvm.dll+0x1c248a]
#
# Failed to write core dump. Minidumps are not enabled by default on client versions of Windows
#
# If you would like to submit a bug report, please visit:
#   http://bugreport.java.com/bugreport/crash.jsp
#

---------------  T H R E A D  ---------------

Current thread (0x000000000dc24800):  JavaThread "Daemon worker Thread 3" [_thread_in_vm, id=7736, stack(0x000000000c200000,0x000000000c300000)]

siginfo: ExceptionCode=0xc0000005, reading address 0x0000000000000831

Registers:
RAX=0x000000000c2fc1c0, RBX=0x0000000000000001, RCX=0x000000000cefaf00, RDX=0x0000000000000001
RSP=0x000000000c2fc140, RBP=0x000000000ac623f0, RSI=0x000000000ca448b0, RDI=0x0000000000000001
R8 =0x0000000000000001, R9 =0x000000000c2fc1c4, R10=0x0000000000000800, R11=0x0000000002a66d10
R12=0x000000000ac62400, R13=0x000000000ac627d8, R14=0x00000000000003d8, R15=0x000000000c2fc1c4
RIP=0x000000007600248a, EFLAGS=0x0000000000010202

Top of Stack: (sp=0x000000000c2fc140)
0x000000000c2fc140:   0000000000000005 000000000000007b
0x000000000c2fc150:   eff10d5800000005 00000000eff10ab8
0x000000000c2fc160:   000000000dc24800 00000000000003d8
0x000000000c2fc170:   000000000ac627d8 000000000ac62400
0x000000000c2fc180:   0000000000000001 000000007600266e
0x000000000c2fc190:   000000000cefaf00 0000000000000001
0x000000000c2fc1a0:   000000000ac623f0 000000000ca448b0
0x000000000c2fc1b0:   000000000c2fc1c0 000000000c2fc218
0x000000000c2fc1c0:   000000000c2fc2b0 0000000002a106d1
0x000000000c2fc1d0:   000000000c2fc310 00000000b195d201
0x000000000c2fc1e0:   0000000000000001 00000000b195d250
0x000000000c2fc1f0:   000000000dc24800 0000000075edccad
0x000000000c2fc200:   000000000cefaf00 000000000cefaf00
0x000000000c2fc210:   000000000dc24800 0000000000000000
0x000000000c2fc220:   0000000000000000 0000000075edcd61
0x000000000c2fc230:   000000000dc24800 0000000002942a60 

Instructions: (pc=0x000000007600248a)
0x000000007600246a:   48 89 74 24 20 48 89 4c 24 08 57 41 54 41 55 41
0x000000007600247a:   56 41 57 48 83 ec 20 4c 8b 11 49 63 d8 4d 8b f9
0x000000007600248a:   42 0f b6 44 13 30 44 8b ea ff c0 44 0f b6 c0 41
0x000000007600249a:   ff c8 83 fb 11 73 24 42 0f b6 7c 13 30 ff c7 40 


Register to memory mapping:

RAX=0x000000000c2fc1c0 is pointing into the stack for thread: 0x000000000dc24800
RBX=0x0000000000000001 is an unknown value
RCX=0x000000000cefaf00 is an unknown value
RDX=0x0000000000000001 is an unknown value
RSP=0x000000000c2fc140 is pointing into the stack for thread: 0x000000000dc24800
RBP=0x000000000ac623f0 is an unknown value
RSI=0x000000000ca448b0 is an unknown value
RDI=0x0000000000000001 is an unknown value
R8 =0x0000000000000001 is an unknown value
R9 =0x000000000c2fc1c4 is pointing into the stack for thread: 0x000000000dc24800
R10=0x0000000000000800 is an unknown value
R11=0x0000000002a66d10 is at entry_point+16 in (nmethod*)0x0000000002a66bd0
R12=0x000000000ac62400 is an unknown value
R13=0x000000000ac627d8 is an unknown value
R14=0x00000000000003d8 is an unknown value
R15=0x000000000c2fc1c4 is pointing into the stack for thread: 0x000000000dc24800


Stack: [0x000000000c200000,0x000000000c300000],  sp=0x000000000c2fc140,  free space=1008k
Native frames: (J=compiled Java code, j=interpreted, Vv=VM code, C=native code)
V  [jvm.dll+0x1c248a]

Java frames: (J=compiled Java code, j=interpreted, Vv=VM code)
j  org.gradle.internal.resource.transport.file.FileResourceConnector.getResource(Ljava/net/URI;)Lorg/gradle/internal/resource/local/LocallyAvailableExternalResource;+1
j  org.gradle.internal.resource.transport.file.FileTransport$NoOpCacheAwareExternalResourceAccessor.getResource(Ljava/net/URI;Lorg/gradle/internal/resource/transfer/CacheAwareExternalResourceAccessor$ResourceFileStore;Lorg/gradle/internal/resource/local/LocallyAvailableResourceCandidates;)Lorg/gradle/internal/resource/local/LocallyAvailableExternalResource;+5
j  org.gradle.api.internal.artifacts.repositories.resolver.DefaultExternalResourceArtifactResolver.downloadStaticResource(Ljava/util/List;Lorg/gradle/internal/component/external/model/ModuleComponentArtifactMetaData;Lorg/gradle/internal/resolve/result/ResourceAwareResolveResult;)Lorg/gradle/internal/resource/local/LocallyAvailableExternalResource;+92
j  org.gradle.api.internal.artifacts.repositories.resolver.DefaultExternalResourceArtifactResolver.resolveMetaDataArtifact(Lorg/gradle/internal/component/external/model/ModuleComponentArtifactMetaData;Lorg/gradle/internal/resolve/result/ResourceAwareResolveResult;)Lorg/gradle/internal/resource/local/LocallyAvailableExternalResource;+7
j  org.gradle.api.internal.artifacts.repositories.resolver.ExternalResourceResolver.parseMetaDataFromArtifact(Lorg/gradle/api/artifacts/component/ModuleComponentIdentifier;Lorg/gradle/api/internal/artifacts/repositories/resolver/ExternalResourceArtifactResolver;Lorg/gradle/internal/resolve/result/ResourceAwareResolveResult;)Lorg/gradle/internal/component/external/model/MutableModuleComponentResolveMetaData;+11
j  org.gradle.api.internal.artifacts.repositories.resolver.ExternalResourceResolver.resolveStaticDependency(Lorg/gradle/internal/component/model/DependencyMetaData;Lorg/gradle/api/artifacts/component/ModuleComponentIdentifier;Lorg/gradle/internal/resolve/result/BuildableModuleComponentMetaDataResolveResult;Lorg/gradle/api/internal/artifacts/repositories/resolver/ExternalResourceArtifactResolver;)V+5
j  org.gradle.api.internal.artifacts.repositories.resolver.MavenResolver.doResolveComponentMetaData(Lorg/gradle/internal/component/model/DependencyMetaData;Lorg/gradle/api/artifacts/component/ModuleComponentIdentifier;Lorg/gradle/internal/resolve/result/BuildableModuleComponentMetaDataResolveResult;)V+84
j  org.gradle.api.internal.artifacts.repositories.resolver.ExternalResourceResolver$RemoteRepositoryAccess.resolveComponentMetaData(Lorg/gradle/internal/component/model/DependencyMetaData;Lorg/gradle/api/artifacts/component/ModuleComponentIdentifier;Lorg/gradle/internal/resolve/result/BuildableModuleComponentMetaDataResolveResult;)V+7
j  org.gradle.api.internal.artifacts.ivyservice.ivyresolve.LocalModuleComponentRepository$LocalAccess.resolveComponentMetaData(Lorg/gradle/internal/component/model/DependencyMetaData;Lorg/gradle/api/artifacts/component/ModuleComponentIdentifier;Lorg/gradle/internal/resolve/result/BuildableModuleComponentMetaDataResolveResult;)V+44
j  org.gradle.api.internal.artifacts.ivyservice.ivyresolve.BaseModuleComponentRepositoryAccess.resolveComponentMetaData(Lorg/gradle/internal/component/model/DependencyMetaData;Lorg/gradle/api/artifacts/component/ModuleComponentIdentifier;Lorg/gradle/internal/resolve/result/BuildableModuleComponentMetaDataResolveResult;)V+7
j  org.gradle.api.internal.artifacts.ivyservice.ivyresolve.memcache.InMemoryCachedModuleComponentRepository$CachedAccess.resolveComponentMetaData(Lorg/gradle/internal/component/model/DependencyMetaData;Lorg/gradle/api/artifacts/component/ModuleComponentIdentifier;Lorg/gradle/internal/resolve/result/BuildableModuleComponentMetaDataResolveResult;)V+16
j  org.gradle.api.internal.artifacts.ivyservice.ivyresolve.ErrorHandlingModuleComponentRepository$ErrorHandlingModuleComponentRepositoryAccess.resolveComponentMetaData(Lorg/gradle/internal/component/model/DependencyMetaData;Lorg/gradle/api/artifacts/component/ModuleComponentIdentifier;Lorg/gradle/internal/resolve/result/BuildableModuleComponentMetaDataResolveResult;)V+7
j  org.gradle.api.internal.artifacts.ivyservice.ivyresolve.ComponentMetaDataResolveState.process(Lorg/gradle/api/internal/artifacts/ivyservice/ivyresolve/ModuleComponentRepositoryAccess;)V+13
j  org.gradle.api.internal.artifacts.ivyservice.ivyresolve.ComponentMetaDataResolveState.resolve()Lorg/gradle/internal/resolve/result/BuildableModuleComponentMetaDataResolveResult;+22
j  org.gradle.api.internal.artifacts.ivyservice.ivyresolve.RepositoryChainDependencyResolver.findBestMatch(Ljava/util/LinkedList;Ljava/util/Collection;Ljava/util/Collection;)Lorg/gradle/api/internal/artifacts/ivyservice/ivyresolve/RepositoryChainModuleResolution;+21
j  org.gradle.api.internal.artifacts.ivyservice.ivyresolve.RepositoryChainDependencyResolver.findBestMatch(Ljava/util/List;Ljava/util/Collection;)Lorg/gradle/api/internal/artifacts/ivyservice/ivyresolve/RepositoryChainModuleResolution;+28
j  org.gradle.api.internal.artifacts.ivyservice.ivyresolve.RepositoryChainDependencyResolver.resolve(Lorg/gradle/internal/component/model/DependencyMetaData;Lorg/gradle/internal/resolve/result/BuildableComponentResolveResult;)V+159
j  org.gradle.api.internal.artifacts.ivyservice.ivyresolve.RepositoryChainAdapter.resolve(Lorg/gradle/internal/component/model/DependencyMetaData;Lorg/gradle/api/artifacts/component/ComponentIdentifier;Lorg/gradle/internal/resolve/result/BuildableComponentResolveResult;)V+64
j  org.gradle.api.internal.artifacts.ivyservice.clientmodule.ClientModuleResolver.resolve(Lorg/gradle/internal/component/model/DependencyMetaData;Lorg/gradle/api/artifacts/component/ComponentIdentifier;Lorg/gradle/internal/resolve/result/BuildableComponentResolveResult;)V+7
j  org.gradle.api.internal.artifacts.ivyservice.resolveengine.graph.DependencyGraphBuilder$ModuleVersionResolveState.resolve()V+89
j  org.gradle.api.internal.artifacts.ivyservice.resolveengine.graph.DependencyGraphBuilder$ModuleVersionResolveState.getMetaData()Lorg/gradle/internal/component/model/ComponentResolveMetaData;+8
j  org.gradle.api.internal.artifacts.ivyservice.resolveengine.graph.DependencyGraphBuilder$DependencyEdge.calculateTargetConfigurations()V+13
j  org.gradle.api.internal.artifacts.ivyservice.resolveengine.graph.DependencyGraphBuilder$DependencyEdge.attachToTargetConfigurations()V+15
j  org.gradle.api.internal.artifacts.ivyservice.resolveengine.graph.DependencyGraphBuilder.traverseGraph(Lorg/gradle/api/internal/artifacts/ivyservice/resolveengine/graph/DependencyGraphBuilder$ResolveState;Lorg/gradle/api/internal/artifacts/ivyservice/resolveengine/graph/conflicts/ConflictHandler;)V+229
j  org.gradle.api.internal.artifacts.ivyservice.resolveengine.graph.DependencyGraphBuilder.resolveDependencyGraph(Lorg/gradle/api/internal/artifacts/configurations/ConfigurationInternal;Lorg/gradle/api/internal/artifacts/ivyservice/resolveengine/graph/DependencyGraphVisitor;)V+94
j  org.gradle.api.internal.artifacts.ivyservice.resolveengine.graph.DependencyGraphBuilder.resolve(Lorg/gradle/api/internal/artifacts/configurations/ConfigurationInternal;Lorg/gradle/api/internal/artifacts/ivyservice/resolveengine/result/ResolutionResultBuilder;Lorg/gradle/api/internal/artifacts/ivyservice/resolveengine/oldresult/ResolvedConfigurationBuilder;Lorg/gradle/api/internal/artifacts/ivyservice/resolveengine/projectresult/ResolvedProjectConfigurationResultBuilder;)V+67
j  org.gradle.api.internal.artifacts.ivyservice.resolveengine.DefaultDependencyResolver$1.execute(Lorg/apache/ivy/Ivy;)V+325
j  org.gradle.api.internal.artifacts.ivyservice.resolveengine.DefaultDependencyResolver$1.execute(Ljava/lang/Object;)V+5
j  org.gradle.internal.Transformers$4.transform(Ljava/lang/Object;)Ljava/lang/Object;+5
j  org.gradle.api.internal.artifacts.ivyservice.DefaultIvyContextManager.withIvy(Lorg/gradle/api/Transformer;)Ljava/lang/Object;+96
j  org.gradle.api.internal.artifacts.ivyservice.DefaultIvyContextManager.withIvy(Lorg/gradle/api/Action;)V+5
j  org.gradle.api.internal.artifacts.ivyservice.resolveengine.DefaultDependencyResolver.resolve(Lorg/gradle/api/internal/artifacts/configurations/ConfigurationInternal;Ljava/util/List;Lorg/gradle/api/internal/artifacts/GlobalDependencyResolutionRules;Lorg/gradle/api/internal/artifacts/ResolverResults;)V+28
j  org.gradle.api.internal.artifacts.ivyservice.CacheLockingArtifactDependencyResolver$1.run()V+23
j  org.gradle.internal.Factories$1.create()Ljava/lang/Object;+4
j  org.gradle.cache.internal.DefaultCacheAccess.useCache(Ljava/lang/String;Lorg/gradle/internal/Factory;)Ljava/lang/Object;+80
j  org.gradle.cache.internal.DefaultCacheAccess.useCache(Ljava/lang/String;Ljava/lang/Runnable;)V+6
j  org.gradle.cache.internal.DefaultPersistentDirectoryStore.useCache(Ljava/lang/String;Ljava/lang/Runnable;)V+6
j  org.gradle.cache.internal.DefaultCacheFactory$ReferenceTrackingCache.useCache(Ljava/lang/String;Ljava/lang/Runnable;)V+9
j  org.gradle.api.internal.artifacts.ivyservice.DefaultCacheLockingManager.useCache(Ljava/lang/String;Ljava/lang/Runnable;)V+6
j  org.gradle.api.internal.artifacts.ivyservice.CacheLockingArtifactDependencyResolver.resolve(Lorg/gradle/api/internal/artifacts/configurations/ConfigurationInternal;Ljava/util/List;Lorg/gradle/api/internal/artifacts/GlobalDependencyResolutionRules;Lorg/gradle/api/internal/artifacts/ResolverResults;)V+30
j  org.gradle.api.internal.artifacts.ivyservice.SelfResolvingDependencyResolver.resolve(Lorg/gradle/api/internal/artifacts/configurations/ConfigurationInternal;Ljava/util/List;Lorg/gradle/api/internal/artifacts/GlobalDependencyResolutionRules;Lorg/gradle/api/internal/artifacts/ResolverResults;)V+9
j  org.gradle.api.internal.artifacts.ivyservice.ShortcircuitEmptyConfigsArtifactDependencyResolver.resolve(Lorg/gradle/api/internal/artifacts/configurations/ConfigurationInternal;Ljava/util/List;Lorg/gradle/api/internal/artifacts/GlobalDependencyResolutionRules;Lorg/gradle/api/internal/artifacts/ResolverResults;)V+102
j  org.gradle.api.internal.artifacts.ivyservice.ErrorHandlingArtifactDependencyResolver.resolve(Lorg/gradle/api/internal/artifacts/configurations/ConfigurationInternal;Ljava/util/List;Lorg/gradle/api/internal/artifacts/GlobalDependencyResolutionRules;Lorg/gradle/api/internal/artifacts/ResolverResults;)V+9
j  org.gradle.api.internal.artifacts.ivyservice.DefaultConfigurationResolver.resolve(Lorg/gradle/api/internal/artifacts/configurations/ConfigurationInternal;)Lorg/gradle/api/internal/artifacts/ResolverResults;+33
j  org.gradle.api.internal.artifacts.configurations.DefaultConfiguration.resolveNow()V+40
j  org.gradle.api.internal.artifacts.configurations.DefaultConfiguration.getResolvedConfiguration()Lorg/gradle/api/artifacts/ResolvedConfiguration;+1
j  org.gradle.api.internal.artifacts.configurations.DefaultConfiguration_Decorated.getResolvedConfiguration()Lorg/gradle/api/artifacts/ResolvedConfiguration;+7
j  org.gradle.api.internal.artifacts.configurations.DefaultConfiguration$ConfigurationFileCollection.getFiles()Ljava/util/Set;+14
j  org.gradle.api.internal.artifacts.configurations.DefaultConfiguration.getFiles()Ljava/util/Set;+7
j  org.gradle.api.internal.artifacts.configurations.DefaultConfiguration_Decorated.getFiles()Ljava/util/Set;+7
j  org.gradle.plugin.use.internal.DefaultPluginRequestApplicator.defineScriptHandlerClassScope(Lorg/gradle/api/initialization/dsl/ScriptHandler;Lorg/gradle/api/internal/initialization/ClassLoaderScope;)V+15
j  org.gradle.plugin.use.internal.DefaultPluginRequestApplicator.applyPlugins(Lorg/gradle/plugin/use/internal/PluginRequests;Lorg/gradle/api/initialization/dsl/ScriptHandler;Lorg/gradle/api/internal/plugins/PluginManagerInternal;Lorg/gradle/api/internal/initialization/ClassLoaderScope;)V+13
j  org.gradle.configuration.DefaultScriptPluginFactory$ScriptPluginImpl.apply(Ljava/lang/Object;)V+333
j  org.gradle.configuration.project.BuildScriptProcessor.execute(Lorg/gradle/api/internal/project/ProjectInternal;)V+85
j  org.gradle.configuration.project.BuildScriptProcessor.execute(Ljava/lang/Object;)V+5
j  org.gradle.configuration.project.ConfigureActionsProjectEvaluator.evaluate(Lorg/gradle/api/internal/project/ProjectInternal;Lorg/gradle/api/internal/project/ProjectStateInternal;)V+33
j  org.gradle.configuration.project.LifecycleProjectEvaluator.evaluate(Lorg/gradle/api/internal/project/ProjectInternal;Lorg/gradle/api/internal/project/ProjectStateInternal;)V+54
j  org.gradle.api.internal.project.AbstractProject.evaluate()Lorg/gradle/api/internal/project/AbstractProject;+9
j  org.gradle.api.internal.project.AbstractProject.evaluate()Lorg/gradle/api/Project;+1
j  org.gradle.execution.TaskPathProjectEvaluator.configureHierarchy(Lorg/gradle/api/internal/project/ProjectInternal;)V+21
j  org.gradle.configuration.DefaultBuildConfigurer.configure(Lorg/gradle/api/internal/GradleInternal;)V+50
j  org.gradle.initialization.DefaultGradleLauncher.doBuildStages(Lorg/gradle/initialization/DefaultGradleLauncher$Stage;)V+85
j  org.gradle.initialization.DefaultGradleLauncher.doBuild(Lorg/gradle/initialization/DefaultGradleLauncher$Stage;)Lorg/gradle/BuildResult;+27
j  org.gradle.initialization.DefaultGradleLauncher.getBuildAnalysis()Lorg/gradle/BuildResult;+4
j  org.gradle.launcher.exec.InProcessBuildActionExecuter$DefaultBuildController.configure()Lorg/gradle/api/internal/GradleInternal;+5
j  org.gradle.tooling.internal.provider.runner.ClientProvidedBuildActionRunner.run(Lorg/gradle/internal/invocation/BuildAction;Lorg/gradle/internal/invocation/BuildController;)V+56
j  org.gradle.launcher.exec.ChainingBuildActionRunner.run(Lorg/gradle/internal/invocation/BuildAction;Lorg/gradle/internal/invocation/BuildController;)V+34
j  org.gradle.launcher.exec.InProcessBuildActionExecuter.execute(Lorg/gradle/internal/invocation/BuildAction;Lorg/gradle/initialization/BuildRequestContext;Lorg/gradle/launcher/exec/BuildActionParameters;)Ljava/lang/Object;+39
j  org.gradle.launcher.exec.InProcessBuildActionExecuter.execute(Lorg/gradle/internal/invocation/BuildAction;Lorg/gradle/initialization/BuildRequestContext;Ljava/lang/Object;)Ljava/lang/Object;+7
j  org.gradle.launcher.daemon.server.exec.ExecuteBuild.doBuild(Lorg/gradle/launcher/daemon/server/api/DaemonCommandExecution;Lorg/gradle/launcher/daemon/protocol/Build;)V+70
j  org.gradle.launcher.daemon.server.exec.BuildCommandOnly.execute(Lorg/gradle/launcher/daemon/server/api/DaemonCommandExecution;)V+49
j  org.gradle.launcher.daemon.server.api.DaemonCommandExecution.proceed()Z+28
j  org.gradle.launcher.daemon.server.exec.WatchForDisconnection.execute(Lorg/gradle/launcher/daemon/server/api/DaemonCommandExecution;)V+19
j  org.gradle.launcher.daemon.server.api.DaemonCommandExecution.proceed()Z+28
j  org.gradle.launcher.daemon.server.exec.ResetDeprecationLogger.execute(Lorg/gradle/launcher/daemon/server/api/DaemonCommandExecution;)V+4
j  org.gradle.launcher.daemon.server.api.DaemonCommandExecution.proceed()Z+28
j  org.gradle.launcher.daemon.server.exec.RequestStopIfSingleUsedDaemon.execute(Lorg/gradle/launcher/daemon/server/api/DaemonCommandExecution;)V+31
j  org.gradle.launcher.daemon.server.api.DaemonCommandExecution.proceed()Z+28
j  org.gradle.launcher.daemon.server.exec.ForwardClientInput$2.call()Ljava/lang/Void;+4
j  org.gradle.launcher.daemon.server.exec.ForwardClientInput$2.call()Ljava/lang/Object;+1
j  org.gradle.util.Swapper.swap(Ljava/lang/Object;Ljava/util/concurrent/Callable;)Ljava/lang/Object;+21
j  org.gradle.launcher.daemon.server.exec.ForwardClientInput.execute(Lorg/gradle/launcher/daemon/server/api/DaemonCommandExecution;)V+63
j  org.gradle.launcher.daemon.server.api.DaemonCommandExecution.proceed()Z+28
j  org.gradle.launcher.daemon.server.health.DaemonHealthTracker.execute(Lorg/gradle/launcher/daemon/server/api/DaemonCommandExecution;)V+35
j  org.gradle.launcher.daemon.server.api.DaemonCommandExecution.proceed()Z+28
j  org.gradle.launcher.daemon.server.exec.LogToClient.doBuild(Lorg/gradle/launcher/daemon/server/api/DaemonCommandExecution;Lorg/gradle/launcher/daemon/protocol/Build;)V+106
j  org.gradle.launcher.daemon.server.exec.BuildCommandOnly.execute(Lorg/gradle/launcher/daemon/server/api/DaemonCommandExecution;)V+49
j  org.gradle.launcher.daemon.server.api.DaemonCommandExecution.proceed()Z+28
j  org.gradle.launcher.daemon.server.exec.EstablishBuildEnvironment.doBuild(Lorg/gradle/launcher/daemon/server/api/DaemonCommandExecution;Lorg/gradle/launcher/daemon/protocol/Build;)V+243
j  org.gradle.launcher.daemon.server.exec.BuildCommandOnly.execute(Lorg/gradle/launcher/daemon/server/api/DaemonCommandExecution;)V+49
j  org.gradle.launcher.daemon.server.api.DaemonCommandExecution.proceed()Z+28
j  org.gradle.launcher.daemon.server.health.HintGCAfterBuild.execute(Lorg/gradle/launcher/daemon/server/api/DaemonCommandExecution;)V+1
j  org.gradle.launcher.daemon.server.api.DaemonCommandExecution.proceed()Z+28
j  org.gradle.launcher.daemon.server.exec.StartBuildOrRespondWithBusy$1.run()V+44
j  org.gradle.launcher.daemon.server.DaemonStateCoordinator$1.run()V+4
j  org.gradle.internal.concurrent.ExecutorPolicy$CatchAndRecordFailures.onExecute(Ljava/lang/Runnable;)V+1
j  org.gradle.internal.concurrent.StoppableExecutorImpl$1.run()V+25
j  java.util.concurrent.ThreadPoolExecutor.runWorker(Ljava/util/concurrent/ThreadPoolExecutor$Worker;)V+95
j  java.util.concurrent.ThreadPoolExecutor$Worker.run()V+5
j  java.lang.Thread.run()V+11
v  ~StubRoutines::call_stub

---------------  P R O C E S S  ---------------

Java Threads: ( => current thread )
  0x000000000bbce800 JavaThread "Stdin handler" [_thread_blocked, id=4576, stack(0x000000000c300000,0x000000000c400000)]
=>0x000000000dc24800 JavaThread "Daemon worker Thread 3" [_thread_in_vm, id=7736, stack(0x000000000c200000,0x000000000c300000)]
  0x000000000dc26800 JavaThread "Cancel handler" [_thread_blocked, id=5388, stack(0x000000000c100000,0x000000000c200000)]
  0x000000000dc26000 JavaThread "Handler for socket connection from /127.0.0.1:52218 to /127.0.0.1:52432" [_thread_in_native, id=6360, stack(0x0000000000e30000,0x0000000000f30000)]
  0x000000000dc27800 JavaThread "Daemon Thread 3" [_thread_blocked, id=4560, stack(0x0000000000c10000,0x0000000000d10000)]
  0x000000000a756000 JavaThread "File lock request listener" [_thread_in_native, id=7964, stack(0x000000000c600000,0x000000000c700000)]
  0x000000000a783000 JavaThread "Incoming local TCP Connector on port 52218" [_thread_in_native, id=6456, stack(0x000000000bf20000,0x000000000c020000)]
  0x0000000008c7f800 JavaThread "Service Thread" daemon [_thread_blocked, id=4384, stack(0x0000000009dd0000,0x0000000009ed0000)]
  0x0000000008c7b800 JavaThread "C2 CompilerThread1" daemon [_thread_blocked, id=684, stack(0x0000000009cd0000,0x0000000009dd0000)]
  0x0000000008c6e800 JavaThread "C2 CompilerThread0" daemon [_thread_blocked, id=8152, stack(0x0000000009bd0000,0x0000000009cd0000)]
  0x0000000008c6d000 JavaThread "Attach Listener" daemon [_thread_blocked, id=7988, stack(0x0000000009ad0000,0x0000000009bd0000)]
  0x0000000008c69800 JavaThread "Signal Dispatcher" daemon [_thread_blocked, id=656, stack(0x00000000099d0000,0x0000000009ad0000)]
  0x0000000008c38800 JavaThread "Finalizer" daemon [_thread_blocked, id=5588, stack(0x00000000098d0000,0x00000000099d0000)]
  0x0000000008c30000 JavaThread "Reference Handler" daemon [_thread_blocked, id=3148, stack(0x00000000097d0000,0x00000000098d0000)]
  0x0000000002900800 JavaThread "main" [_thread_blocked, id=7400, stack(0x00000000027d0000,0x00000000028d0000)]

Other Threads:
  0x0000000008c2c000 VMThread [stack: 0x00000000096d0000,0x00000000097d0000] [id=7560]
  0x0000000008c88800 WatcherThread [stack: 0x0000000009ed0000,0x0000000009fd0000] [id=1444]

VM state:not at safepoint (normal execution)

VM Mutex/Monitor currently owned by a thread: None

Heap
 PSYoungGen      total 321024K, used 86677K [0x00000000eaa80000, 0x00000000ffc80000, 0x0000000100000000)
  eden space 301056K, 28% used [0x00000000eaa80000,0x00000000eff25630,0x00000000fd080000)
  from space 19968K, 0% used [0x00000000fe900000,0x00000000fe900000,0x00000000ffc80000)
  to   space 22528K, 0% used [0x00000000fd080000,0x00000000fd080000,0x00000000fe680000)
 ParOldGen       total 97792K, used 53454K [0x00000000c0000000, 0x00000000c5f80000, 0x00000000eaa80000)
  object space 97792K, 54% used [0x00000000c0000000,0x00000000c34338b0,0x00000000c5f80000)
 PSPermGen       total 101888K, used 51458K [0x00000000b0000000, 0x00000000b6380000, 0x00000000c0000000)
  object space 101888K, 50% used [0x00000000b0000000,0x00000000b3240b68,0x00000000b6380000)

Card table byte_map: [0x0000000005ac0000,0x0000000005d50000] byte_map_base: 0x0000000005540000

Polling page: 0x0000000000fa0000

Code Cache  [0x0000000002a00000, 0x0000000002fd0000, 0x0000000005a00000)
 total_blobs=2045 nmethods=1400 adapters=596 free_code_cache=43458Kb largest_free_block=44285312

Compilation events (10 events):
Event: 743.045 Thread 0x0000000008c7b800 nmethod 1569 0x0000000002f965d0 code [0x0000000002f96f00, 0x0000000002f9c540]
Event: 743.183 Thread 0x0000000008c6e800 nmethod 1566 0x0000000002fae110 code [0x0000000002faee20, 0x0000000002fb5ee8]
Event: 743.246 Thread 0x0000000008c7b800 1570             groovyjarjarasm.asm.ByteVector::b (64 bytes)
Event: 743.248 Thread 0x0000000008c7b800 nmethod 1570 0x0000000002ee5e50 code [0x0000000002ee5fa0, 0x0000000002ee6128]
Event: 743.249 Thread 0x0000000008c6e800 1571             org.codehaus.groovy.ast.ClassCodeVisitorSupport::visitAnnotations (113 bytes)
Event: 743.252 Thread 0x0000000008c7b800 1572             org.codehaus.groovy.classgen.asm.BytecodeHelper::getTypeDescription (255 bytes)
Event: 743.255 Thread 0x0000000008c6e800 nmethod 1571 0x0000000002f0acd0 code [0x0000000002f0aec0, 0x0000000002f0b350]
Event: 743.273 Thread 0x0000000008c7b800 nmethod 1572 0x0000000002f001d0 code [0x0000000002f00420, 0x0000000002f01160]
Event: 743.528 Thread 0x0000000008c6e800 1573             groovy.lang.MetaClassImpl::searchInterfacesForMetaProperty (99 bytes)
Event: 743.535 Thread 0x0000000008c6e800 nmethod 1573 0x0000000002f0bdd0 code [0x0000000002f0bfe0, 0x0000000002f0c780]

GC Heap History (10 events):
Event: 23.631 GC heap before
{Heap before GC invocations=11 (full 0):
 PSYoungGen      total 314368K, used 117040K [0x00000000eaa80000, 0x0000000100000000, 0x0000000100000000)
  eden space 299520K, 34% used [0x00000000eaa80000,0x00000000f0e53050,0x00000000fcf00000)
  from space 14848K, 99% used [0x00000000fec80000,0x00000000ffaf92c0,0x00000000ffb00000)
  to   space 25088K, 0% used [0x00000000fcf00000,0x00000000fcf00000,0x00000000fe780000)
 ParOldGen       total 65536K, used 43348K [0x00000000c0000000, 0x00000000c4000000, 0x00000000eaa80000)
  object space 65536K, 66% used [0x00000000c0000000,0x00000000c2a55338,0x00000000c4000000)
 PSPermGen       total 43008K, used 42694K [0x00000000b0000000, 0x00000000b2a00000, 0x00000000c0000000)
  object space 43008K, 99% used [0x00000000b0000000,0x00000000b29b1960,0x00000000b2a00000)
Event: 23.692 GC heap after
Heap after GC invocations=11 (full 0):
 PSYoungGen      total 324608K, used 9755K [0x00000000eaa80000, 0x0000000100000000, 0x0000000100000000)
  eden space 299520K, 0% used [0x00000000eaa80000,0x00000000eaa80000,0x00000000fcf00000)
  from space 25088K, 38% used [0x00000000fcf00000,0x00000000fd886f38,0x00000000fe780000)
  to   space 23552K, 0% used [0x00000000fe900000,0x00000000fe900000,0x0000000100000000)
 ParOldGen       total 65536K, used 57236K [0x00000000c0000000, 0x00000000c4000000, 0x00000000eaa80000)
  object space 65536K, 87% used [0x00000000c0000000,0x00000000c37e5348,0x00000000c4000000)
 PSPermGen       total 43008K, used 42694K [0x00000000b0000000, 0x00000000b2a00000, 0x00000000c0000000)
  object space 43008K, 99% used [0x00000000b0000000,0x00000000b29b1960,0x00000000b2a00000)
}
Event: 23.692 GC heap before
{Heap before GC invocations=12 (full 1):
 PSYoungGen      total 324608K, used 9755K [0x00000000eaa80000, 0x0000000100000000, 0x0000000100000000)
  eden space 299520K, 0% used [0x00000000eaa80000,0x00000000eaa80000,0x00000000fcf00000)
  from space 25088K, 38% used [0x00000000fcf00000,0x00000000fd886f38,0x00000000fe780000)
  to   space 23552K, 0% used [0x00000000fe900000,0x00000000fe900000,0x0000000100000000)
 ParOldGen       total 65536K, used 57236K [0x00000000c0000000, 0x00000000c4000000, 0x00000000eaa80000)
  object space 65536K, 87% used [0x00000000c0000000,0x00000000c37e5348,0x00000000c4000000)
 PSPermGen       total 43008K, used 42694K [0x00000000b0000000, 0x00000000b2a00000, 0x00000000c0000000)
  object space 43008K, 99% used [0x00000000b0000000,0x00000000b29b1960,0x00000000b2a00000)
Event: 24.269 GC heap after
Heap after GC invocations=12 (full 1):
 PSYoungGen      total 324608K, used 0K [0x00000000eaa80000, 0x0000000100000000, 0x0000000100000000)
  eden space 299520K, 0% used [0x00000000eaa80000,0x00000000eaa80000,0x00000000fcf00000)
  from space 25088K, 0% used [0x00000000fcf00000,0x00000000fcf00000,0x00000000fe780000)
  to   space 23552K, 0% used [0x00000000fe900000,0x00000000fe900000,0x0000000100000000)
 ParOldGen       total 65536K, used 54321K [0x00000000c0000000, 0x00000000c4000000, 0x00000000eaa80000)
  object space 65536K, 82% used [0x00000000c0000000,0x00000000c350c408,0x00000000c4000000)
 PSPermGen       total 85504K, used 42634K [0x00000000b0000000, 0x00000000b5380000, 0x00000000c0000000)
  object space 85504K, 49% used [0x00000000b0000000,0x00000000b29a2b58,0x00000000b5380000)
}
Event: 402.264 GC heap before
{Heap before GC invocations=13 (full 2):
 PSYoungGen      total 324608K, used 299520K [0x00000000eaa80000, 0x0000000100000000, 0x0000000100000000)
  eden space 299520K, 100% used [0x00000000eaa80000,0x00000000fcf00000,0x00000000fcf00000)
  from space 25088K, 0% used [0x00000000fcf00000,0x00000000fcf00000,0x00000000fe780000)
  to   space 23552K, 0% used [0x00000000fe900000,0x00000000fe900000,0x0000000100000000)
 ParOldGen       total 65536K, used 54321K [0x00000000c0000000, 0x00000000c4000000, 0x00000000eaa80000)
  object space 65536K, 82% used [0x00000000c0000000,0x00000000c350c408,0x00000000c4000000)
 PSPermGen       total 85504K, used 49129K [0x00000000b0000000, 0x00000000b5380000, 0x00000000c0000000)
  object space 85504K, 57% used [0x00000000b0000000,0x00000000b2ffa658,0x00000000b5380000)
Event: 403.089 GC heap after
Heap after GC invocations=13 (full 2):
 PSYoungGen      total 324608K, used 0K [0x00000000eaa80000, 0x0000000100000000, 0x0000000100000000)
  eden space 299520K, 0% used [0x00000000eaa80000,0x00000000eaa80000,0x00000000fcf00000)
  from space 25088K, 0% used [0x00000000fcf00000,0x00000000fcf00000,0x00000000fe780000)
  to   space 23552K, 0% used [0x00000000fe900000,0x00000000fe900000,0x0000000100000000)
 ParOldGen       total 97792K, used 53586K [0x00000000c0000000, 0x00000000c5f80000, 0x00000000eaa80000)
  object space 97792K, 54% used [0x00000000c0000000,0x00000000c3454b80,0x00000000c5f80000)
 PSPermGen       total 100864K, used 48944K [0x00000000b0000000, 0x00000000b6280000, 0x00000000c0000000)
  object space 100864K, 48% used [0x00000000b0000000,0x00000000b2fcc0a8,0x00000000b6280000)
}
Event: 416.090 GC heap before
{Heap before GC invocations=14 (full 2):
 PSYoungGen      total 324608K, used 100390K [0x00000000eaa80000, 0x0000000100000000, 0x0000000100000000)
  eden space 299520K, 33% used [0x00000000eaa80000,0x00000000f0c89868,0x00000000fcf00000)
  from space 25088K, 0% used [0x00000000fcf00000,0x00000000fcf00000,0x00000000fe780000)
  to   space 23552K, 0% used [0x00000000fe900000,0x00000000fe900000,0x0000000100000000)
 ParOldGen       total 97792K, used 53586K [0x00000000c0000000, 0x00000000c5f80000, 0x00000000eaa80000)
  object space 97792K, 54% used [0x00000000c0000000,0x00000000c3454b80,0x00000000c5f80000)
 PSPermGen       total 100864K, used 51208K [0x00000000b0000000, 0x00000000b6280000, 0x00000000c0000000)
  object space 100864K, 50% used [0x00000000b0000000,0x00000000b3202260,0x00000000b6280000)
Event: 416.112 GC heap after
Heap after GC invocations=14 (full 2):
 PSYoungGen      total 321024K, used 5706K [0x00000000eaa80000, 0x00000000ffc80000, 0x0000000100000000)
  eden space 301056K, 0% used [0x00000000eaa80000,0x00000000eaa80000,0x00000000fd080000)
  from space 19968K, 28% used [0x00000000fe900000,0x00000000fee929b0,0x00000000ffc80000)
  to   space 22528K, 0% used [0x00000000fd080000,0x00000000fd080000,0x00000000fe680000)
 ParOldGen       total 97792K, used 53586K [0x00000000c0000000, 0x00000000c5f80000, 0x00000000eaa80000)
  object space 97792K, 54% used [0x00000000c0000000,0x00000000c3454b80,0x00000000c5f80000)
 PSPermGen       total 100864K, used 51208K [0x00000000b0000000, 0x00000000b6280000, 0x00000000c0000000)
  object space 100864K, 50% used [0x00000000b0000000,0x00000000b3202260,0x00000000b6280000)
}
Event: 416.112 GC heap before
{Heap before GC invocations=15 (full 3):
 PSYoungGen      total 321024K, used 5706K [0x00000000eaa80000, 0x00000000ffc80000, 0x0000000100000000)
  eden space 301056K, 0% used [0x00000000eaa80000,0x00000000eaa80000,0x00000000fd080000)
  from space 19968K, 28% used [0x00000000fe900000,0x00000000fee929b0,0x00000000ffc80000)
  to   space 22528K, 0% used [0x00000000fd080000,0x00000000fd080000,0x00000000fe680000)
 ParOldGen       total 97792K, used 53586K [0x00000000c0000000, 0x00000000c5f80000, 0x00000000eaa80000)
  object space 97792K, 54% used [0x00000000c0000000,0x00000000c3454b80,0x00000000c5f80000)
 PSPermGen       total 100864K, used 51208K [0x00000000b0000000, 0x00000000b6280000, 0x00000000c0000000)
  object space 100864K, 50% used [0x00000000b0000000,0x00000000b3202260,0x00000000b6280000)
Event: 416.843 GC heap after
Heap after GC invocations=15 (full 3):
 PSYoungGen      total 321024K, used 0K [0x00000000eaa80000, 0x00000000ffc80000, 0x0000000100000000)
  eden space 301056K, 0% used [0x00000000eaa80000,0x00000000eaa80000,0x00000000fd080000)
  from space 19968K, 0% used [0x00000000fe900000,0x00000000fe900000,0x00000000ffc80000)
  to   space 22528K, 0% used [0x00000000fd080000,0x00000000fd080000,0x00000000fe680000)
 ParOldGen       total 97792K, used 53454K [0x00000000c0000000, 0x00000000c5f80000, 0x00000000eaa80000)
  object space 97792K, 54% used [0x00000000c0000000,0x00000000c34338b0,0x00000000c5f80000)
 PSPermGen       total 101888K, used 51205K [0x00000000b0000000, 0x00000000b6380000, 0x00000000c0000000)
  object space 101888K, 50% used [0x00000000b0000000,0x00000000b3201578,0x00000000b6380000)
}

Deoptimization events (10 events):
Event: 741.360 Thread 0x000000000dc24800 Uncommon trap: reason=array_check action=maybe_recompile pc=0x0000000002f61dfc method=java.util.TimSort.binarySort([Ljava/lang/Object;IIILjava/util/Comparator;)V @ 183
Event: 741.374 Thread 0x000000000dc24800 Uncommon trap: reason=array_check action=maybe_recompile pc=0x0000000002f61dfc method=java.util.TimSort.binarySort([Ljava/lang/Object;IIILjava/util/Comparator;)V @ 183
Event: 741.618 Thread 0x000000000dc24800 Uncommon trap: reason=class_check action=maybe_recompile pc=0x0000000002cb2e94 method=org.codehaus.groovy.util.AbstractConcurrentMap.segmentFor(I)Lorg/codehaus/groovy/util/AbstractConcurrentMap$Segment; @ 5
Event: 741.618 Thread 0x000000000dc24800 Uncommon trap: reason=class_check action=maybe_recompile pc=0x0000000002cb2e94 method=org.codehaus.groovy.util.AbstractConcurrentMap.segmentFor(I)Lorg/codehaus/groovy/util/AbstractConcurrentMap$Segment; @ 5
Event: 741.665 Thread 0x000000000dc24800 Uncommon trap: reason=class_check action=maybe_recompile pc=0x0000000002cb2e94 method=org.codehaus.groovy.util.AbstractConcurrentMap.segmentFor(I)Lorg/codehaus/groovy/util/AbstractConcurrentMap$Segment; @ 5
Event: 741.665 Thread 0x000000000dc24800 Uncommon trap: reason=class_check action=maybe_recompile pc=0x0000000002cb2e94 method=org.codehaus.groovy.util.AbstractConcurrentMap.segmentFor(I)Lorg/codehaus/groovy/util/AbstractConcurrentMap$Segment; @ 5
Event: 742.465 Thread 0x000000000dc24800 Uncommon trap: reason=bimorphic action=maybe_recompile pc=0x0000000002bf9e50 method=org.codehaus.groovy.control.ResolveVisitor.resolveNestedClass(Lorg/codehaus/groovy/ast/ClassNode;)Z @ 113
Event: 742.465 Thread 0x000000000dc24800 Uncommon trap: reason=bimorphic action=maybe_recompile pc=0x0000000002ab2fc0 method=org.codehaus.groovy.control.ResolveVisitor.resolveFromCompileUnit(Lorg/codehaus/groovy/ast/ClassNode;)Z @ 16
Event: 743.225 Thread 0x000000000dc24800 Uncommon trap: reason=bimorphic action=maybe_recompile pc=0x0000000002bf9e50 method=org.codehaus.groovy.control.ResolveVisitor.resolveNestedClass(Lorg/codehaus/groovy/ast/ClassNode;)Z @ 113
Event: 743.226 Thread 0x000000000dc24800 Uncommon trap: reason=bimorphic action=maybe_recompile pc=0x0000000002ab2fc0 method=org.codehaus.groovy.control.ResolveVisitor.resolveFromCompileUnit(Lorg/codehaus/groovy/ast/ClassNode;)Z @ 16

Internal exceptions (10 events):
Event: 743.586 Thread 0x000000000dc24800 Threw 0x00000000efe350e8 at C:\re\jdk7u79\2331\hotspot\src\share\vm\prims\jvm.cpp:1304
Event: 743.586 Thread 0x000000000dc24800 Threw 0x00000000efe3bb10 at C:\re\jdk7u79\2331\hotspot\src\share\vm\prims\jvm.cpp:1304
Event: 743.586 Thread 0x000000000dc24800 Threw 0x00000000efe3bff0 at C:\re\jdk7u79\2331\hotspot\src\share\vm\classfile\systemDictionary.cpp:185
Event: 743.586 Thread 0x000000000dc24800 Threw 0x00000000efe3e640 at C:\re\jdk7u79\2331\hotspot\src\share\vm\prims\jvm.cpp:1304
Event: 743.586 Thread 0x000000000dc24800 Threw 0x00000000efe3fa80 at C:\re\jdk7u79\2331\hotspot\src\share\vm\prims\jvm.cpp:1304
Event: 743.586 Thread 0x000000000dc24800 Threw 0x00000000efe40a60 at C:\re\jdk7u79\2331\hotspot\src\share\vm\prims\jvm.cpp:1304
Event: 743.586 Thread 0x000000000dc24800 Threw 0x00000000efe41870 at C:\re\jdk7u79\2331\hotspot\src\share\vm\prims\jvm.cpp:1304
Event: 743.586 Thread 0x000000000dc24800 Threw 0x00000000efe48418 at C:\re\jdk7u79\2331\hotspot\src\share\vm\prims\jvm.cpp:1304
Event: 743.586 Thread 0x000000000dc24800 Threw 0x00000000efe48900 at C:\re\jdk7u79\2331\hotspot\src\share\vm\classfile\systemDictionary.cpp:185
Event: 743.587 Thread 0x000000000dc24800 Threw 0x00000000efe4ddb8 at C:\re\jdk7u79\2331\hotspot\src\share\vm\prims\jvm.cpp:1304

Events (10 events):
Event: 743.584 loading class 0x000000000a80c6b0
Event: 743.584 loading class 0x000000000a80c6b0 done
Event: 743.586 loading class 0x000000000b4aa600
Event: 743.586 loading class 0x000000000b4aa600 done
Event: 743.586 loading class 0x000000000b4aa600
Event: 743.586 loading class 0x000000000b4aa600 done
Event: 743.586 loading class 0x000000000b4ab860
Event: 743.586 loading class 0x000000000b4ab860 done
Event: 743.586 loading class 0x000000000b4ab860
Event: 743.586 loading class 0x000000000b4ab860 done


Dynamic libraries:
0x00007ff7a9100000 - 0x00007ff7a9133000 	C:\Program Files\Java\jdk1.7.0_79\bin\java.exe
0x00007ff941b10000 - 0x00007ff941cd1000 	C:\Windows\SYSTEM32\ntdll.dll
0x00007ff93f340000 - 0x00007ff93f3ed000 	C:\Windows\system32\KERNEL32.DLL
0x00007ff93f000000 - 0x00007ff93f1dd000 	C:\Windows\system32\KERNELBASE.dll
0x00007ff941a60000 - 0x00007ff941b06000 	C:\Windows\system32\ADVAPI32.dll
0x00007ff93f7b0000 - 0x00007ff93f84d000 	C:\Windows\system32\msvcrt.dll
0x00007ff941950000 - 0x00007ff9419ab000 	C:\Windows\system32\sechost.dll
0x00007ff93f5a0000 - 0x00007ff93f6c6000 	C:\Windows\system32\RPCRT4.dll
0x00007ff941800000 - 0x00007ff94194e000 	C:\Windows\system32\USER32.dll
0x00007ff9410c0000 - 0x00007ff941246000 	C:\Windows\system32\GDI32.dll
0x00007ff932850000 - 0x00007ff932ac4000 	C:\Windows\WinSxS\amd64_microsoft.windows.common-controls_6595b64144ccf1df_6.0.10240.16384_none_f41f7b285750ef43\COMCTL32.dll
0x00007ff9419b0000 - 0x00007ff9419e6000 	C:\Windows\system32\IMM32.DLL
0x00007ff941260000 - 0x00007ff9413bc000 	C:\Windows\system32\MSCTF.dll
0x0000000075040000 - 0x0000000075112000 	C:\Program Files\Java\jdk1.7.0_79\jre\bin\msvcr100.dll
0x0000000075e40000 - 0x0000000076615000 	C:\Program Files\Java\jdk1.7.0_79\jre\bin\server\jvm.dll
0x00007ff9413c0000 - 0x00007ff9413c8000 	C:\Windows\system32\PSAPI.DLL
0x00007ff930820000 - 0x00007ff930829000 	C:\Windows\SYSTEM32\WSOCK32.dll
0x00007ff93c2a0000 - 0x00007ff93c2c3000 	C:\Windows\SYSTEM32\WINMM.dll
0x00007ff941500000 - 0x00007ff941569000 	C:\Windows\system32\WS2_32.dll
0x00007ff941250000 - 0x00007ff941258000 	C:\Windows\system32\NSI.dll
0x00007ff93c270000 - 0x00007ff93c29c000 	C:\Windows\SYSTEM32\WINMMBASE.dll
0x00007ff93e6a0000 - 0x00007ff93e6e4000 	C:\Windows\system32\cfgmgr32.dll
0x00007ff93e270000 - 0x00007ff93e297000 	C:\Windows\SYSTEM32\DEVOBJ.dll
0x0000000075d50000 - 0x0000000075d5f000 	C:\Program Files\Java\jdk1.7.0_79\jre\bin\verify.dll
0x0000000075d20000 - 0x0000000075d48000 	C:\Program Files\Java\jdk1.7.0_79\jre\bin\java.dll
0x0000000075d00000 - 0x0000000075d15000 	C:\Program Files\Java\jdk1.7.0_79\jre\bin\zip.dll
0x0000000075ce0000 - 0x0000000075cfa000 	C:\Program Files\Java\jdk1.7.0_79\jre\bin\net.dll
0x00007ff93dd20000 - 0x00007ff93dd7d000 	C:\Windows\system32\mswsock.dll
0x0000000075cc0000 - 0x0000000075cd1000 	C:\Program Files\Java\jdk1.7.0_79\jre\bin\nio.dll
0x00007ff92e370000 - 0x00007ff92e382000 	C:\Users\hebi5\.gradle\native\19\windows-amd64\native-platform.dll
0x00007ff93fad0000 - 0x00007ff93fb21000 	C:\Windows\system32\SHLWAPI.dll
0x00007ff93f850000 - 0x00007ff93facc000 	C:\Windows\system32\combase.dll
0x00007ff93a170000 - 0x00007ff93a1a8000 	C:\Windows\SYSTEM32\IPHLPAPI.DLL
0x00007ff93a160000 - 0x00007ff93a16b000 	C:\Windows\SYSTEM32\WINNSI.DLL
0x00007ff939740000 - 0x00007ff939756000 	C:\Windows\SYSTEM32\dhcpcsvc6.DLL
0x00007ff939720000 - 0x00007ff93973a000 	C:\Windows\SYSTEM32\dhcpcsvc.DLL
0x00007ff93dd80000 - 0x00007ff93dd97000 	C:\Windows\SYSTEM32\CRYPTSP.dll
0x00007ff93e470000 - 0x00007ff93e498000 	C:\Windows\SYSTEM32\bcrypt.dll
0x00007ff93d9a0000 - 0x00007ff93d9d3000 	C:\Windows\system32\rsaenh.dll
0x00007ff93dac0000 - 0x00007ff93dadf000 	C:\Windows\SYSTEM32\USERENV.dll
0x00007ff93e540000 - 0x00007ff93e553000 	C:\Windows\system32\profapi.dll
0x00007ff93e360000 - 0x00007ff93e3cb000 	C:\Windows\system32\bcryptprimitives.dll
0x00007ff93def0000 - 0x00007ff93defb000 	C:\Windows\SYSTEM32\CRYPTBASE.dll
0x0000000075ac0000 - 0x0000000075acb000 	C:\Program Files\Java\jdk1.7.0_79\jre\bin\management.dll
0x00007ff931a50000 - 0x00007ff931bda000 	C:\Windows\SYSTEM32\dbghelp.dll

VM Arguments:
jvm_args: -XX:MaxPermSize=256m -XX:+HeapDumpOnOutOfMemoryError -Xmx1024m -Dfile.encoding=windows-1252 -Duser.country=US -Duser.language=en -Duser.variant 
java_command: org.gradle.launcher.daemon.bootstrap.GradleDaemon 2.4 C:\Users\hebi5\.gradle C:\Users\hebi5\.gradle\daemon 10800000 a4121753-9979-4247-a0f1-a4efa849df6b -XX:MaxPermSize=256m -XX:+HeapDumpOnOutOfMemoryError -Xmx1024m -Dfile.encoding=windows-1252 -Duser.country=US -Duser.language=en -Duser.variant
Launcher Type: SUN_STANDARD

Environment Variables:
JAVA_HOME=C:\Program Files (x86)\Java\jdk1.7.0_79
PATH=C:\Windows\system32;C:\Windows;C:\Windows\System32\Wbem;C:\Windows\System32\WindowsPowerShell\v1.0\;C:\Program Files (x86)\ATI Technologies\ATI.ACE\Core-Static;C:\Program Files (x86)\Git\cmd;C:\Program Files (x86)\Skype\Phone\;C:\Program Files (x86)\Apache\apache-maven-3.3.3\bin;C:\Program Files (x86)\Java\jdk1.7.0_79\bin
USERNAME=hebi5
OS=Windows_NT
PROCESSOR_IDENTIFIER=AMD64 Family 16 Model 6 Stepping 3, AuthenticAMD



---------------  S Y S T E M  ---------------

OS: Windows 8.1 , 64 bit Build 9600 

CPU:total 2 (2 cores per cpu, 1 threads per core) family 16 model 6 stepping 3, cmov, cx8, fxsr, mmx, sse, sse2, sse3, popcnt, mmxext, 3dnowpref, lzcnt, sse4a, tsc, tscinvbit, tscinv

Memory: 4k page, physical 6290740k(2892172k free), swap 7339316k(3457856k free)

vm_info: Java HotSpot(TM) 64-Bit Server VM (24.79-b02) for windows-amd64 JRE (1.7.0_79-b15), built on Apr 10 2015 12:36:16 by "java_re" with unknown MS VC++:1600

time: Sun Dec 20 21:58:01 2015
elapsed time: 743 seconds

